Drill report for E:\PCBs\ZX Spectrum\PlusD_Clone_1_6\PlusD_Clone_1_6.kicad_pcb
Created on 09-12-2020 5:27:04 PM

Copper Layer Stackup:
    =============================================================
    L1 :  F.Cu                      front
    L2 :  B.Cu                      back


Drill file 'PlusD_Clone_1_6-PTH.drl' contains
    plated through holes:
    =============================================================
    T1  0,40mm  0,016"  (101 holes)
    T2  0,50mm  0,020"  (32 holes)
    T3  0,80mm  0,031"  (232 holes)
    T4  0,90mm  0,035"  (10 holes)
    T5  1,00mm  0,039"  (77 holes)
    T6  1,10mm  0,043"  (11 holes)
    T7  1,30mm  0,051"  (2 holes)  (with 2 slots)
    T8  3,20mm  0,126"  (2 holes)
    T9  3,50mm  0,138"  (4 holes)

    Total plated holes count 471


Drill file 'PlusD_Clone_1_6-NPTH.drl' contains
    unplated through holes:
    =============================================================

    Total unplated holes count 0
