Drill report for E:\PCBs\ZX Spectrum\PlusD_Clone_1.3\PlusD_Clone_1_3.kicad_pcb
Created on 28-07-2020 7:12:52 AM

Copper Layer Stackup:
    =============================================================
    L1 :  F.Cu                      front
    L2 :  B.Cu                      back


Drill file 'PlusD_Clone_1_3-PTH.drl' contains
    plated through holes:
    =============================================================
    T1  0,40mm  0,016"  (76 holes)
    T2  0,50mm  0,020"  (24 holes)
    T3  0,80mm  0,031"  (290 holes)
    T4  0,90mm  0,035"  (10 holes)
    T5  1,00mm  0,039"  (73 holes)
    T6  1,10mm  0,043"  (11 holes)
    T7  1,30mm  0,051"  (2 holes)  (with 2 slots)
    T8  3,20mm  0,126"  (2 holes)
    T9  3,50mm  0,138"  (3 holes)

    Total plated holes count 491


Drill file 'PlusD_Clone_1_3-NPTH.drl' contains
    unplated through holes:
    =============================================================

    Total unplated holes count 0
